E, [2014-11-29T22:58:12.781070 #85418] ERROR -- Kitchen: ------Exception-------
E, [2014-11-29T22:58:12.781201 #85418] ERROR -- Kitchen: Class: Kitchen::UserError
E, [2014-11-29T22:58:12.781242 #85418] ERROR -- Kitchen: Message: Kitchen YAML file /Users/indigo/dev/chef-frab/.kitchen.yml does not exist.
E, [2014-11-29T22:58:12.781290 #85418] ERROR -- Kitchen: ------Backtrace-------
E, [2014-11-29T22:58:12.781330 #85418] ERROR -- Kitchen: /opt/chefdk/embedded/apps/test-kitchen/lib/kitchen/loader/yaml.rb:74:in `read'
E, [2014-11-29T22:58:12.781376 #85418] ERROR -- Kitchen: /opt/chefdk/embedded/apps/test-kitchen/lib/kitchen/config.rb:78:in `data'
E, [2014-11-29T22:58:12.781417 #85418] ERROR -- Kitchen: /opt/chefdk/embedded/apps/test-kitchen/lib/kitchen/config.rb:66:in `suites'
E, [2014-11-29T22:58:12.781460 #85418] ERROR -- Kitchen: /opt/chefdk/embedded/apps/test-kitchen/lib/kitchen/config.rb:90:in `filter_instances'
E, [2014-11-29T22:58:12.781504 #85418] ERROR -- Kitchen: /opt/chefdk/embedded/apps/test-kitchen/lib/kitchen/config.rb:72:in `build_instances'
E, [2014-11-29T22:58:12.781540 #85418] ERROR -- Kitchen: /opt/chefdk/embedded/apps/test-kitchen/lib/kitchen/config.rb:52:in `instances'
E, [2014-11-29T22:58:12.781576 #85418] ERROR -- Kitchen: /opt/chefdk/embedded/apps/test-kitchen/lib/kitchen/command.rb:64:in `get_filtered_instances'
E, [2014-11-29T22:58:12.781617 #85418] ERROR -- Kitchen: /opt/chefdk/embedded/apps/test-kitchen/lib/kitchen/command.rb:85:in `parse_subcommand'
E, [2014-11-29T22:58:12.781653 #85418] ERROR -- Kitchen: /opt/chefdk/embedded/apps/test-kitchen/lib/kitchen/command/list.rb:31:in `call'
E, [2014-11-29T22:58:12.781690 #85418] ERROR -- Kitchen: /opt/chefdk/embedded/apps/test-kitchen/lib/kitchen/cli.rb:47:in `perform'
E, [2014-11-29T22:58:12.781733 #85418] ERROR -- Kitchen: /opt/chefdk/embedded/apps/test-kitchen/lib/kitchen/cli.rb:81:in `list'
E, [2014-11-29T22:58:12.781771 #85418] ERROR -- Kitchen: /opt/chefdk/embedded/lib/ruby/gems/2.1.0/gems/thor-0.19.1/lib/thor/command.rb:27:in `run'
E, [2014-11-29T22:58:12.781809 #85418] ERROR -- Kitchen: /opt/chefdk/embedded/lib/ruby/gems/2.1.0/gems/thor-0.19.1/lib/thor/invocation.rb:126:in `invoke_command'
E, [2014-11-29T22:58:12.781845 #85418] ERROR -- Kitchen: /opt/chefdk/embedded/apps/test-kitchen/lib/kitchen/cli.rb:233:in `invoke_task'
E, [2014-11-29T22:58:12.781877 #85418] ERROR -- Kitchen: /opt/chefdk/embedded/lib/ruby/gems/2.1.0/gems/thor-0.19.1/lib/thor.rb:359:in `dispatch'
E, [2014-11-29T22:58:12.781924 #85418] ERROR -- Kitchen: /opt/chefdk/embedded/lib/ruby/gems/2.1.0/gems/thor-0.19.1/lib/thor/base.rb:440:in `start'
E, [2014-11-29T22:58:12.781960 #85418] ERROR -- Kitchen: /opt/chefdk/embedded/apps/test-kitchen/bin/kitchen:13:in `block in <top (required)>'
E, [2014-11-29T22:58:12.781996 #85418] ERROR -- Kitchen: /opt/chefdk/embedded/apps/test-kitchen/lib/kitchen/errors.rb:81:in `with_friendly_errors'
E, [2014-11-29T22:58:12.782032 #85418] ERROR -- Kitchen: /opt/chefdk/embedded/apps/test-kitchen/bin/kitchen:13:in `<top (required)>'
E, [2014-11-29T22:58:12.782079 #85418] ERROR -- Kitchen: /usr/bin/kitchen:10:in `load'
E, [2014-11-29T22:58:12.782115 #85418] ERROR -- Kitchen: /usr/bin/kitchen:10:in `<main>'
E, [2014-11-29T22:58:12.782150 #85418] ERROR -- Kitchen: ----------------------
I, [2014-11-29T22:59:56.773060 #85499]  INFO -- Kitchen: -----> Starting Kitchen (v1.2.1)
I, [2014-11-29T22:59:57.145121 #85499]  INFO -- Kitchen: -----> Creating <default-ubuntu-1404>...
I, [2014-11-29T23:07:42.682731 #85499]  INFO -- Kitchen: -----> Converging <default-ubuntu-1404>...
I, [2014-11-29T23:08:35.559423 #85499]  INFO -- Kitchen: -----> Kitchen is finished. (8m38.79s)
I, [2014-11-29T23:14:53.602543 #85826]  INFO -- Kitchen: -----> Starting Kitchen (v1.2.1)
I, [2014-11-29T23:14:53.950964 #85826]  INFO -- Kitchen: -----> Converging <default-ubuntu-1404>...
E, [2014-11-29T23:16:37.036391 #85826] ERROR -- Kitchen: Converge failed on instance <default-ubuntu-1404>.
I, [2014-11-29T23:17:43.695687 #85879]  INFO -- Kitchen: -----> Starting Kitchen (v1.2.1)
I, [2014-11-29T23:17:44.042827 #85879]  INFO -- Kitchen: -----> Converging <default-ubuntu-1404>...
E, [2014-11-29T23:19:17.099657 #85879] ERROR -- Kitchen: Converge failed on instance <default-ubuntu-1404>.
I, [2014-11-29T23:26:54.449401 #86067]  INFO -- Kitchen: -----> Starting Kitchen (v1.2.1)
I, [2014-11-29T23:26:54.795484 #86067]  INFO -- Kitchen: -----> Converging <default-ubuntu-1404>...
E, [2014-11-29T23:27:24.366039 #86067] ERROR -- Kitchen: Converge failed on instance <default-ubuntu-1404>.
I, [2014-11-29T23:45:16.527238 #86166]  INFO -- Kitchen: -----> Starting Kitchen (v1.2.1)
I, [2014-11-29T23:45:16.915801 #86166]  INFO -- Kitchen: -----> Converging <default-ubuntu-1404>...
E, [2014-11-29T23:45:26.398915 #86166] ERROR -- Kitchen: Converge failed on instance <default-ubuntu-1404>.
I, [2014-11-30T00:15:19.042018 #86505]  INFO -- Kitchen: -----> Starting Kitchen (v1.2.1)
E, [2014-11-30T00:15:19.832025 #86505] ERROR -- Kitchen: ------Exception-------
E, [2014-11-30T00:15:19.832055 #86505] ERROR -- Kitchen: Class: Kitchen::UserError
E, [2014-11-30T00:15:19.832077 #86505] ERROR -- Kitchen: Message: Could not load or activate Berkshelf (can't activate json-1.7.7, already activated json-1.8.1)
E, [2014-11-30T00:15:19.832098 #86505] ERROR -- Kitchen: ---Nested Exception---
E, [2014-11-30T00:15:19.832127 #86505] ERROR -- Kitchen: Class: Gem::LoadError
E, [2014-11-30T00:15:19.832147 #86505] ERROR -- Kitchen: Message: can't activate json-1.7.7, already activated json-1.8.1
E, [2014-11-30T00:15:19.832168 #86505] ERROR -- Kitchen: ------Backtrace-------
E, [2014-11-30T00:15:19.832187 #86505] ERROR -- Kitchen: /opt/chefdk/embedded/apps/test-kitchen/lib/kitchen/provisioner/chef/berkshelf.rb:80:in `rescue in load_berkshelf!'
E, [2014-11-30T00:15:19.832208 #86505] ERROR -- Kitchen: /opt/chefdk/embedded/apps/test-kitchen/lib/kitchen/provisioner/chef/berkshelf.rb:67:in `load_berkshelf!'
E, [2014-11-30T00:15:19.832227 #86505] ERROR -- Kitchen: /opt/chefdk/embedded/apps/test-kitchen/lib/kitchen/provisioner/chef/berkshelf.rb:43:in `load!'
E, [2014-11-30T00:15:19.832256 #86505] ERROR -- Kitchen: /opt/chefdk/embedded/apps/test-kitchen/lib/kitchen/provisioner/chef_base.rb:135:in `load_needed_dependencies!'
E, [2014-11-30T00:15:19.832288 #86505] ERROR -- Kitchen: /opt/chefdk/embedded/apps/test-kitchen/lib/kitchen/provisioner/base.rb:44:in `instance='
E, [2014-11-30T00:15:19.832307 #86505] ERROR -- Kitchen: /opt/chefdk/embedded/apps/test-kitchen/lib/kitchen/instance.rb:240:in `setup_provisioner'
E, [2014-11-30T00:15:19.832326 #86505] ERROR -- Kitchen: /opt/chefdk/embedded/apps/test-kitchen/lib/kitchen/instance.rb:93:in `initialize'
E, [2014-11-30T00:15:19.832345 #86505] ERROR -- Kitchen: /opt/chefdk/embedded/apps/test-kitchen/lib/kitchen/config.rb:128:in `new'
E, [2014-11-30T00:15:19.832364 #86505] ERROR -- Kitchen: /opt/chefdk/embedded/apps/test-kitchen/lib/kitchen/config.rb:128:in `new_instance'
E, [2014-11-30T00:15:19.832383 #86505] ERROR -- Kitchen: /opt/chefdk/embedded/apps/test-kitchen/lib/kitchen/config.rb:73:in `block in build_instances'
E, [2014-11-30T00:15:19.832472 #86505] ERROR -- Kitchen: /opt/chefdk/embedded/apps/test-kitchen/lib/kitchen/config.rb:72:in `map'
E, [2014-11-30T00:15:19.832507 #86505] ERROR -- Kitchen: /opt/chefdk/embedded/apps/test-kitchen/lib/kitchen/config.rb:72:in `with_index'
E, [2014-11-30T00:15:19.832528 #86505] ERROR -- Kitchen: /opt/chefdk/embedded/apps/test-kitchen/lib/kitchen/config.rb:72:in `build_instances'
E, [2014-11-30T00:15:19.832550 #86505] ERROR -- Kitchen: /opt/chefdk/embedded/apps/test-kitchen/lib/kitchen/config.rb:52:in `instances'
E, [2014-11-30T00:15:19.832583 #86505] ERROR -- Kitchen: /opt/chefdk/embedded/apps/test-kitchen/lib/kitchen/command.rb:64:in `get_filtered_instances'
E, [2014-11-30T00:15:19.832603 #86505] ERROR -- Kitchen: /opt/chefdk/embedded/apps/test-kitchen/lib/kitchen/command.rb:85:in `parse_subcommand'
E, [2014-11-30T00:15:19.832634 #86505] ERROR -- Kitchen: /opt/chefdk/embedded/apps/test-kitchen/lib/kitchen/command/action.rb:37:in `block in call'
E, [2014-11-30T00:15:19.832655 #86505] ERROR -- Kitchen: /opt/chefdk/embedded/lib/ruby/2.1.0/benchmark.rb:279:in `measure'
E, [2014-11-30T00:15:19.832696 #86505] ERROR -- Kitchen: /opt/chefdk/embedded/apps/test-kitchen/lib/kitchen/command/action.rb:36:in `call'
E, [2014-11-30T00:15:19.832727 #86505] ERROR -- Kitchen: /opt/chefdk/embedded/apps/test-kitchen/lib/kitchen/cli.rb:47:in `perform'
E, [2014-11-30T00:15:19.832751 #86505] ERROR -- Kitchen: /opt/chefdk/embedded/apps/test-kitchen/lib/kitchen/cli.rb:118:in `block (2 levels) in <class:CLI>'
E, [2014-11-30T00:15:19.832774 #86505] ERROR -- Kitchen: /opt/chefdk/embedded/lib/ruby/gems/2.1.0/gems/thor-0.19.1/lib/thor/command.rb:27:in `run'
E, [2014-11-30T00:15:19.832801 #86505] ERROR -- Kitchen: /opt/chefdk/embedded/lib/ruby/gems/2.1.0/gems/thor-0.19.1/lib/thor/invocation.rb:126:in `invoke_command'
E, [2014-11-30T00:15:19.832821 #86505] ERROR -- Kitchen: /opt/chefdk/embedded/apps/test-kitchen/lib/kitchen/cli.rb:233:in `invoke_task'
E, [2014-11-30T00:15:19.832841 #86505] ERROR -- Kitchen: /opt/chefdk/embedded/lib/ruby/gems/2.1.0/gems/thor-0.19.1/lib/thor.rb:359:in `dispatch'
E, [2014-11-30T00:15:19.832861 #86505] ERROR -- Kitchen: /opt/chefdk/embedded/lib/ruby/gems/2.1.0/gems/thor-0.19.1/lib/thor/base.rb:440:in `start'
E, [2014-11-30T00:15:19.832881 #86505] ERROR -- Kitchen: /opt/chefdk/embedded/apps/test-kitchen/bin/kitchen:13:in `block in <top (required)>'
E, [2014-11-30T00:15:19.832928 #86505] ERROR -- Kitchen: /opt/chefdk/embedded/apps/test-kitchen/lib/kitchen/errors.rb:81:in `with_friendly_errors'
E, [2014-11-30T00:15:19.832949 #86505] ERROR -- Kitchen: /opt/chefdk/embedded/apps/test-kitchen/bin/kitchen:13:in `<top (required)>'
E, [2014-11-30T00:15:19.832969 #86505] ERROR -- Kitchen: /usr/bin/kitchen:10:in `load'
E, [2014-11-30T00:15:19.832989 #86505] ERROR -- Kitchen: /usr/bin/kitchen:10:in `<main>'
E, [2014-11-30T00:15:19.833008 #86505] ERROR -- Kitchen: ----------------------
I, [2014-11-30T01:12:41.649612 #87310]  INFO -- Kitchen: -----> Starting Kitchen (v1.2.1)
E, [2014-11-30T01:12:43.120429 #87310] ERROR -- Kitchen: ------Exception-------
E, [2014-11-30T01:12:43.120471 #87310] ERROR -- Kitchen: Class: Kitchen::UserError
E, [2014-11-30T01:12:43.120496 #87310] ERROR -- Kitchen: Message: Could not load or activate Berkshelf (can't activate json-1.7.7, already activated json-1.8.1)
E, [2014-11-30T01:12:43.120518 #87310] ERROR -- Kitchen: ---Nested Exception---
E, [2014-11-30T01:12:43.120540 #87310] ERROR -- Kitchen: Class: Gem::LoadError
E, [2014-11-30T01:12:43.120572 #87310] ERROR -- Kitchen: Message: can't activate json-1.7.7, already activated json-1.8.1
E, [2014-11-30T01:12:43.120600 #87310] ERROR -- Kitchen: ------Backtrace-------
E, [2014-11-30T01:12:43.120640 #87310] ERROR -- Kitchen: /opt/chefdk/embedded/apps/test-kitchen/lib/kitchen/provisioner/chef/berkshelf.rb:80:in `rescue in load_berkshelf!'
E, [2014-11-30T01:12:43.120661 #87310] ERROR -- Kitchen: /opt/chefdk/embedded/apps/test-kitchen/lib/kitchen/provisioner/chef/berkshelf.rb:67:in `load_berkshelf!'
E, [2014-11-30T01:12:43.120683 #87310] ERROR -- Kitchen: /opt/chefdk/embedded/apps/test-kitchen/lib/kitchen/provisioner/chef/berkshelf.rb:43:in `load!'
E, [2014-11-30T01:12:43.120729 #87310] ERROR -- Kitchen: /opt/chefdk/embedded/apps/test-kitchen/lib/kitchen/provisioner/chef_base.rb:135:in `load_needed_dependencies!'
E, [2014-11-30T01:12:43.120750 #87310] ERROR -- Kitchen: /opt/chefdk/embedded/apps/test-kitchen/lib/kitchen/provisioner/base.rb:44:in `instance='
E, [2014-11-30T01:12:43.120779 #87310] ERROR -- Kitchen: /opt/chefdk/embedded/apps/test-kitchen/lib/kitchen/instance.rb:240:in `setup_provisioner'
E, [2014-11-30T01:12:43.120816 #87310] ERROR -- Kitchen: /opt/chefdk/embedded/apps/test-kitchen/lib/kitchen/instance.rb:93:in `initialize'
E, [2014-11-30T01:12:43.120837 #87310] ERROR -- Kitchen: /opt/chefdk/embedded/apps/test-kitchen/lib/kitchen/config.rb:128:in `new'
E, [2014-11-30T01:12:43.120877 #87310] ERROR -- Kitchen: /opt/chefdk/embedded/apps/test-kitchen/lib/kitchen/config.rb:128:in `new_instance'
E, [2014-11-30T01:12:43.120907 #87310] ERROR -- Kitchen: /opt/chefdk/embedded/apps/test-kitchen/lib/kitchen/config.rb:73:in `block in build_instances'
E, [2014-11-30T01:12:43.120962 #87310] ERROR -- Kitchen: /opt/chefdk/embedded/apps/test-kitchen/lib/kitchen/config.rb:72:in `map'
E, [2014-11-30T01:12:43.120986 #87310] ERROR -- Kitchen: /opt/chefdk/embedded/apps/test-kitchen/lib/kitchen/config.rb:72:in `with_index'
E, [2014-11-30T01:12:43.121006 #87310] ERROR -- Kitchen: /opt/chefdk/embedded/apps/test-kitchen/lib/kitchen/config.rb:72:in `build_instances'
E, [2014-11-30T01:12:43.121025 #87310] ERROR -- Kitchen: /opt/chefdk/embedded/apps/test-kitchen/lib/kitchen/config.rb:52:in `instances'
E, [2014-11-30T01:12:43.121050 #87310] ERROR -- Kitchen: /opt/chefdk/embedded/apps/test-kitchen/lib/kitchen/command.rb:64:in `get_filtered_instances'
E, [2014-11-30T01:12:43.121072 #87310] ERROR -- Kitchen: /opt/chefdk/embedded/apps/test-kitchen/lib/kitchen/command.rb:85:in `parse_subcommand'
E, [2014-11-30T01:12:43.121094 #87310] ERROR -- Kitchen: /opt/chefdk/embedded/apps/test-kitchen/lib/kitchen/command/action.rb:37:in `block in call'
E, [2014-11-30T01:12:43.121114 #87310] ERROR -- Kitchen: /opt/chefdk/embedded/lib/ruby/2.1.0/benchmark.rb:279:in `measure'
E, [2014-11-30T01:12:43.121141 #87310] ERROR -- Kitchen: /opt/chefdk/embedded/apps/test-kitchen/lib/kitchen/command/action.rb:36:in `call'
E, [2014-11-30T01:12:43.121174 #87310] ERROR -- Kitchen: /opt/chefdk/embedded/apps/test-kitchen/lib/kitchen/cli.rb:47:in `perform'
E, [2014-11-30T01:12:43.121195 #87310] ERROR -- Kitchen: /opt/chefdk/embedded/apps/test-kitchen/lib/kitchen/cli.rb:118:in `block (2 levels) in <class:CLI>'
E, [2014-11-30T01:12:43.121226 #87310] ERROR -- Kitchen: /opt/chefdk/embedded/lib/ruby/gems/2.1.0/gems/thor-0.19.1/lib/thor/command.rb:27:in `run'
E, [2014-11-30T01:12:43.121248 #87310] ERROR -- Kitchen: /opt/chefdk/embedded/lib/ruby/gems/2.1.0/gems/thor-0.19.1/lib/thor/invocation.rb:126:in `invoke_command'
E, [2014-11-30T01:12:43.121277 #87310] ERROR -- Kitchen: /opt/chefdk/embedded/apps/test-kitchen/lib/kitchen/cli.rb:233:in `invoke_task'
E, [2014-11-30T01:12:43.121299 #87310] ERROR -- Kitchen: /opt/chefdk/embedded/lib/ruby/gems/2.1.0/gems/thor-0.19.1/lib/thor.rb:359:in `dispatch'
E, [2014-11-30T01:12:43.121319 #87310] ERROR -- Kitchen: /opt/chefdk/embedded/lib/ruby/gems/2.1.0/gems/thor-0.19.1/lib/thor/base.rb:440:in `start'
E, [2014-11-30T01:12:43.121338 #87310] ERROR -- Kitchen: /opt/chefdk/embedded/apps/test-kitchen/bin/kitchen:13:in `block in <top (required)>'
E, [2014-11-30T01:12:43.121358 #87310] ERROR -- Kitchen: /opt/chefdk/embedded/apps/test-kitchen/lib/kitchen/errors.rb:81:in `with_friendly_errors'
E, [2014-11-30T01:12:43.121377 #87310] ERROR -- Kitchen: /opt/chefdk/embedded/apps/test-kitchen/bin/kitchen:13:in `<top (required)>'
E, [2014-11-30T01:12:43.121396 #87310] ERROR -- Kitchen: /usr/bin/kitchen:10:in `load'
E, [2014-11-30T01:12:43.121415 #87310] ERROR -- Kitchen: /usr/bin/kitchen:10:in `<main>'
E, [2014-11-30T01:12:43.121434 #87310] ERROR -- Kitchen: ----------------------
E, [2014-11-30T01:16:09.304646 #87686] ERROR -- Kitchen: ------Exception-------
E, [2014-11-30T01:16:09.304675 #87686] ERROR -- Kitchen: Class: Kitchen::UserError
E, [2014-11-30T01:16:09.304704 #87686] ERROR -- Kitchen: Message: Could not load or activate Berkshelf (can't activate json-1.7.7, already activated json-1.8.1)
E, [2014-11-30T01:16:09.304725 #87686] ERROR -- Kitchen: ---Nested Exception---
E, [2014-11-30T01:16:09.304749 #87686] ERROR -- Kitchen: Class: Gem::LoadError
E, [2014-11-30T01:16:09.304769 #87686] ERROR -- Kitchen: Message: can't activate json-1.7.7, already activated json-1.8.1
E, [2014-11-30T01:16:09.304793 #87686] ERROR -- Kitchen: ------Backtrace-------
E, [2014-11-30T01:16:09.304813 #87686] ERROR -- Kitchen: /opt/chefdk/embedded/apps/test-kitchen/lib/kitchen/provisioner/chef/berkshelf.rb:80:in `rescue in load_berkshelf!'
E, [2014-11-30T01:16:09.304843 #87686] ERROR -- Kitchen: /opt/chefdk/embedded/apps/test-kitchen/lib/kitchen/provisioner/chef/berkshelf.rb:67:in `load_berkshelf!'
E, [2014-11-30T01:16:09.304863 #87686] ERROR -- Kitchen: /opt/chefdk/embedded/apps/test-kitchen/lib/kitchen/provisioner/chef/berkshelf.rb:43:in `load!'
E, [2014-11-30T01:16:09.304905 #87686] ERROR -- Kitchen: /opt/chefdk/embedded/apps/test-kitchen/lib/kitchen/provisioner/chef_base.rb:135:in `load_needed_dependencies!'
E, [2014-11-30T01:16:09.304927 #87686] ERROR -- Kitchen: /opt/chefdk/embedded/apps/test-kitchen/lib/kitchen/provisioner/base.rb:44:in `instance='
E, [2014-11-30T01:16:09.304947 #87686] ERROR -- Kitchen: /opt/chefdk/embedded/apps/test-kitchen/lib/kitchen/instance.rb:240:in `setup_provisioner'
E, [2014-11-30T01:16:09.304967 #87686] ERROR -- Kitchen: /opt/chefdk/embedded/apps/test-kitchen/lib/kitchen/instance.rb:93:in `initialize'
E, [2014-11-30T01:16:09.304986 #87686] ERROR -- Kitchen: /opt/chefdk/embedded/apps/test-kitchen/lib/kitchen/config.rb:128:in `new'
E, [2014-11-30T01:16:09.305010 #87686] ERROR -- Kitchen: /opt/chefdk/embedded/apps/test-kitchen/lib/kitchen/config.rb:128:in `new_instance'
E, [2014-11-30T01:16:09.305030 #87686] ERROR -- Kitchen: /opt/chefdk/embedded/apps/test-kitchen/lib/kitchen/config.rb:73:in `block in build_instances'
E, [2014-11-30T01:16:09.305050 #87686] ERROR -- Kitchen: /opt/chefdk/embedded/apps/test-kitchen/lib/kitchen/config.rb:72:in `map'
E, [2014-11-30T01:16:09.305070 #87686] ERROR -- Kitchen: /opt/chefdk/embedded/apps/test-kitchen/lib/kitchen/config.rb:72:in `with_index'
E, [2014-11-30T01:16:09.305089 #87686] ERROR -- Kitchen: /opt/chefdk/embedded/apps/test-kitchen/lib/kitchen/config.rb:72:in `build_instances'
E, [2014-11-30T01:16:09.305109 #87686] ERROR -- Kitchen: /opt/chefdk/embedded/apps/test-kitchen/lib/kitchen/config.rb:52:in `instances'
E, [2014-11-30T01:16:09.305145 #87686] ERROR -- Kitchen: /opt/chefdk/embedded/apps/test-kitchen/lib/kitchen/command.rb:64:in `get_filtered_instances'
E, [2014-11-30T01:16:09.305165 #87686] ERROR -- Kitchen: /opt/chefdk/embedded/apps/test-kitchen/lib/kitchen/command.rb:85:in `parse_subcommand'
E, [2014-11-30T01:16:09.305185 #87686] ERROR -- Kitchen: /opt/chefdk/embedded/apps/test-kitchen/lib/kitchen/command/list.rb:31:in `call'
E, [2014-11-30T01:16:09.305207 #87686] ERROR -- Kitchen: /opt/chefdk/embedded/apps/test-kitchen/lib/kitchen/cli.rb:47:in `perform'
E, [2014-11-30T01:16:09.305228 #87686] ERROR -- Kitchen: /opt/chefdk/embedded/apps/test-kitchen/lib/kitchen/cli.rb:81:in `list'
E, [2014-11-30T01:16:09.305248 #87686] ERROR -- Kitchen: /opt/chefdk/embedded/lib/ruby/gems/2.1.0/gems/thor-0.19.1/lib/thor/command.rb:27:in `run'
E, [2014-11-30T01:16:09.305267 #87686] ERROR -- Kitchen: /opt/chefdk/embedded/lib/ruby/gems/2.1.0/gems/thor-0.19.1/lib/thor/invocation.rb:126:in `invoke_command'
E, [2014-11-30T01:16:09.305287 #87686] ERROR -- Kitchen: /opt/chefdk/embedded/apps/test-kitchen/lib/kitchen/cli.rb:233:in `invoke_task'
E, [2014-11-30T01:16:09.305307 #87686] ERROR -- Kitchen: /opt/chefdk/embedded/lib/ruby/gems/2.1.0/gems/thor-0.19.1/lib/thor.rb:359:in `dispatch'
E, [2014-11-30T01:16:09.305326 #87686] ERROR -- Kitchen: /opt/chefdk/embedded/lib/ruby/gems/2.1.0/gems/thor-0.19.1/lib/thor/base.rb:440:in `start'
E, [2014-11-30T01:16:09.305345 #87686] ERROR -- Kitchen: /opt/chefdk/embedded/apps/test-kitchen/bin/kitchen:13:in `block in <top (required)>'
E, [2014-11-30T01:16:09.305365 #87686] ERROR -- Kitchen: /opt/chefdk/embedded/apps/test-kitchen/lib/kitchen/errors.rb:81:in `with_friendly_errors'
E, [2014-11-30T01:16:09.305403 #87686] ERROR -- Kitchen: /opt/chefdk/embedded/apps/test-kitchen/bin/kitchen:13:in `<top (required)>'
E, [2014-11-30T01:16:09.305423 #87686] ERROR -- Kitchen: /usr/bin/kitchen:10:in `load'
E, [2014-11-30T01:16:09.305442 #87686] ERROR -- Kitchen: /usr/bin/kitchen:10:in `<main>'
E, [2014-11-30T01:16:09.305461 #87686] ERROR -- Kitchen: ----------------------
E, [2014-11-30T01:17:47.925648 #87756] ERROR -- Kitchen: ------Exception-------
E, [2014-11-30T01:17:47.925679 #87756] ERROR -- Kitchen: Class: Kitchen::UserError
E, [2014-11-30T01:17:47.925704 #87756] ERROR -- Kitchen: Message: Could not load or activate Berkshelf (can't activate json-1.7.7, already activated json-1.8.1)
E, [2014-11-30T01:17:47.925734 #87756] ERROR -- Kitchen: ---Nested Exception---
E, [2014-11-30T01:17:47.925755 #87756] ERROR -- Kitchen: Class: Gem::LoadError
E, [2014-11-30T01:17:47.925773 #87756] ERROR -- Kitchen: Message: can't activate json-1.7.7, already activated json-1.8.1
E, [2014-11-30T01:17:47.925793 #87756] ERROR -- Kitchen: ------Backtrace-------
E, [2014-11-30T01:17:47.925812 #87756] ERROR -- Kitchen: /opt/chefdk/embedded/apps/test-kitchen/lib/kitchen/provisioner/chef/berkshelf.rb:80:in `rescue in load_berkshelf!'
E, [2014-11-30T01:17:47.925831 #87756] ERROR -- Kitchen: /opt/chefdk/embedded/apps/test-kitchen/lib/kitchen/provisioner/chef/berkshelf.rb:67:in `load_berkshelf!'
E, [2014-11-30T01:17:47.925851 #87756] ERROR -- Kitchen: /opt/chefdk/embedded/apps/test-kitchen/lib/kitchen/provisioner/chef/berkshelf.rb:43:in `load!'
E, [2014-11-30T01:17:47.925870 #87756] ERROR -- Kitchen: /opt/chefdk/embedded/apps/test-kitchen/lib/kitchen/provisioner/chef_base.rb:135:in `load_needed_dependencies!'
E, [2014-11-30T01:17:47.925902 #87756] ERROR -- Kitchen: /opt/chefdk/embedded/apps/test-kitchen/lib/kitchen/provisioner/base.rb:44:in `instance='
E, [2014-11-30T01:17:47.925923 #87756] ERROR -- Kitchen: /opt/chefdk/embedded/apps/test-kitchen/lib/kitchen/instance.rb:240:in `setup_provisioner'
E, [2014-11-30T01:17:47.925942 #87756] ERROR -- Kitchen: /opt/chefdk/embedded/apps/test-kitchen/lib/kitchen/instance.rb:93:in `initialize'
E, [2014-11-30T01:17:47.925962 #87756] ERROR -- Kitchen: /opt/chefdk/embedded/apps/test-kitchen/lib/kitchen/config.rb:128:in `new'
E, [2014-11-30T01:17:47.925981 #87756] ERROR -- Kitchen: /opt/chefdk/embedded/apps/test-kitchen/lib/kitchen/config.rb:128:in `new_instance'
E, [2014-11-30T01:17:47.926000 #87756] ERROR -- Kitchen: /opt/chefdk/embedded/apps/test-kitchen/lib/kitchen/config.rb:73:in `block in build_instances'
E, [2014-11-30T01:17:47.926020 #87756] ERROR -- Kitchen: /opt/chefdk/embedded/apps/test-kitchen/lib/kitchen/config.rb:72:in `map'
E, [2014-11-30T01:17:47.926040 #87756] ERROR -- Kitchen: /opt/chefdk/embedded/apps/test-kitchen/lib/kitchen/config.rb:72:in `with_index'
E, [2014-11-30T01:17:47.926059 #87756] ERROR -- Kitchen: /opt/chefdk/embedded/apps/test-kitchen/lib/kitchen/config.rb:72:in `build_instances'
E, [2014-11-30T01:17:47.926082 #87756] ERROR -- Kitchen: /opt/chefdk/embedded/apps/test-kitchen/lib/kitchen/config.rb:52:in `instances'
E, [2014-11-30T01:17:47.926102 #87756] ERROR -- Kitchen: /opt/chefdk/embedded/apps/test-kitchen/lib/kitchen/command.rb:64:in `get_filtered_instances'
E, [2014-11-30T01:17:47.926122 #87756] ERROR -- Kitchen: /opt/chefdk/embedded/apps/test-kitchen/lib/kitchen/command.rb:85:in `parse_subcommand'
E, [2014-11-30T01:17:47.926141 #87756] ERROR -- Kitchen: /opt/chefdk/embedded/apps/test-kitchen/lib/kitchen/command/list.rb:31:in `call'
E, [2014-11-30T01:17:47.926173 #87756] ERROR -- Kitchen: /opt/chefdk/embedded/apps/test-kitchen/lib/kitchen/cli.rb:47:in `perform'
E, [2014-11-30T01:17:47.926193 #87756] ERROR -- Kitchen: /opt/chefdk/embedded/apps/test-kitchen/lib/kitchen/cli.rb:81:in `list'
E, [2014-11-30T01:17:47.926212 #87756] ERROR -- Kitchen: /opt/chefdk/embedded/lib/ruby/gems/2.1.0/gems/thor-0.19.1/lib/thor/command.rb:27:in `run'
E, [2014-11-30T01:17:47.926231 #87756] ERROR -- Kitchen: /opt/chefdk/embedded/lib/ruby/gems/2.1.0/gems/thor-0.19.1/lib/thor/invocation.rb:126:in `invoke_command'
E, [2014-11-30T01:17:47.926250 #87756] ERROR -- Kitchen: /opt/chefdk/embedded/apps/test-kitchen/lib/kitchen/cli.rb:233:in `invoke_task'
E, [2014-11-30T01:17:47.926273 #87756] ERROR -- Kitchen: /opt/chefdk/embedded/lib/ruby/gems/2.1.0/gems/thor-0.19.1/lib/thor.rb:359:in `dispatch'
E, [2014-11-30T01:17:47.926293 #87756] ERROR -- Kitchen: /opt/chefdk/embedded/lib/ruby/gems/2.1.0/gems/thor-0.19.1/lib/thor/base.rb:440:in `start'
E, [2014-11-30T01:17:47.926312 #87756] ERROR -- Kitchen: /opt/chefdk/embedded/apps/test-kitchen/bin/kitchen:13:in `block in <top (required)>'
E, [2014-11-30T01:17:47.926332 #87756] ERROR -- Kitchen: /opt/chefdk/embedded/apps/test-kitchen/lib/kitchen/errors.rb:81:in `with_friendly_errors'
E, [2014-11-30T01:17:47.926358 #87756] ERROR -- Kitchen: /opt/chefdk/embedded/apps/test-kitchen/bin/kitchen:13:in `<top (required)>'
E, [2014-11-30T01:17:47.926379 #87756] ERROR -- Kitchen: /usr/bin/kitchen:10:in `load'
E, [2014-11-30T01:17:47.926398 #87756] ERROR -- Kitchen: /usr/bin/kitchen:10:in `<main>'
E, [2014-11-30T01:17:47.926428 #87756] ERROR -- Kitchen: ----------------------
E, [2014-11-30T01:19:53.920852 #87824] ERROR -- Kitchen: ------Exception-------
E, [2014-11-30T01:19:53.920883 #87824] ERROR -- Kitchen: Class: Kitchen::UserError
E, [2014-11-30T01:19:53.920904 #87824] ERROR -- Kitchen: Message: Could not load or activate Berkshelf (can't activate json-1.7.7, already activated json-1.8.1)
E, [2014-11-30T01:19:53.920925 #87824] ERROR -- Kitchen: ---Nested Exception---
E, [2014-11-30T01:19:53.920944 #87824] ERROR -- Kitchen: Class: Gem::LoadError
E, [2014-11-30T01:19:53.920964 #87824] ERROR -- Kitchen: Message: can't activate json-1.7.7, already activated json-1.8.1
E, [2014-11-30T01:19:53.920983 #87824] ERROR -- Kitchen: ------Backtrace-------
E, [2014-11-30T01:19:53.921002 #87824] ERROR -- Kitchen: /opt/chefdk/embedded/apps/test-kitchen/lib/kitchen/provisioner/chef/berkshelf.rb:80:in `rescue in load_berkshelf!'
E, [2014-11-30T01:19:53.921033 #87824] ERROR -- Kitchen: /opt/chefdk/embedded/apps/test-kitchen/lib/kitchen/provisioner/chef/berkshelf.rb:67:in `load_berkshelf!'
E, [2014-11-30T01:19:53.921053 #87824] ERROR -- Kitchen: /opt/chefdk/embedded/apps/test-kitchen/lib/kitchen/provisioner/chef/berkshelf.rb:43:in `load!'
E, [2014-11-30T01:19:53.921073 #87824] ERROR -- Kitchen: /opt/chefdk/embedded/apps/test-kitchen/lib/kitchen/provisioner/chef_base.rb:135:in `load_needed_dependencies!'
E, [2014-11-30T01:19:53.921092 #87824] ERROR -- Kitchen: /opt/chefdk/embedded/apps/test-kitchen/lib/kitchen/provisioner/base.rb:44:in `instance='
E, [2014-11-30T01:19:53.921112 #87824] ERROR -- Kitchen: /opt/chefdk/embedded/apps/test-kitchen/lib/kitchen/instance.rb:240:in `setup_provisioner'
E, [2014-11-30T01:19:53.921139 #87824] ERROR -- Kitchen: /opt/chefdk/embedded/apps/test-kitchen/lib/kitchen/instance.rb:93:in `initialize'
E, [2014-11-30T01:19:53.921157 #87824] ERROR -- Kitchen: /opt/chefdk/embedded/apps/test-kitchen/lib/kitchen/config.rb:128:in `new'
E, [2014-11-30T01:19:53.921179 #87824] ERROR -- Kitchen: /opt/chefdk/embedded/apps/test-kitchen/lib/kitchen/config.rb:128:in `new_instance'
E, [2014-11-30T01:19:53.921198 #87824] ERROR -- Kitchen: /opt/chefdk/embedded/apps/test-kitchen/lib/kitchen/config.rb:73:in `block in build_instances'
E, [2014-11-30T01:19:53.921216 #87824] ERROR -- Kitchen: /opt/chefdk/embedded/apps/test-kitchen/lib/kitchen/config.rb:72:in `map'
E, [2014-11-30T01:19:53.921235 #87824] ERROR -- Kitchen: /opt/chefdk/embedded/apps/test-kitchen/lib/kitchen/config.rb:72:in `with_index'
E, [2014-11-30T01:19:53.921253 #87824] ERROR -- Kitchen: /opt/chefdk/embedded/apps/test-kitchen/lib/kitchen/config.rb:72:in `build_instances'
E, [2014-11-30T01:19:53.921271 #87824] ERROR -- Kitchen: /opt/chefdk/embedded/apps/test-kitchen/lib/kitchen/config.rb:52:in `instances'
E, [2014-11-30T01:19:53.921297 #87824] ERROR -- Kitchen: /opt/chefdk/embedded/apps/test-kitchen/lib/kitchen/command.rb:64:in `get_filtered_instances'
E, [2014-11-30T01:19:53.921315 #87824] ERROR -- Kitchen: /opt/chefdk/embedded/apps/test-kitchen/lib/kitchen/command.rb:85:in `parse_subcommand'
E, [2014-11-30T01:19:53.921334 #87824] ERROR -- Kitchen: /opt/chefdk/embedded/apps/test-kitchen/lib/kitchen/command/list.rb:31:in `call'
E, [2014-11-30T01:19:53.921352 #87824] ERROR -- Kitchen: /opt/chefdk/embedded/apps/test-kitchen/lib/kitchen/cli.rb:47:in `perform'
E, [2014-11-30T01:19:53.921370 #87824] ERROR -- Kitchen: /opt/chefdk/embedded/apps/test-kitchen/lib/kitchen/cli.rb:81:in `list'
E, [2014-11-30T01:19:53.921391 #87824] ERROR -- Kitchen: /opt/chefdk/embedded/lib/ruby/gems/2.1.0/gems/thor-0.19.1/lib/thor/command.rb:27:in `run'
E, [2014-11-30T01:19:53.921410 #87824] ERROR -- Kitchen: /opt/chefdk/embedded/lib/ruby/gems/2.1.0/gems/thor-0.19.1/lib/thor/invocation.rb:126:in `invoke_command'
E, [2014-11-30T01:19:53.921447 #87824] ERROR -- Kitchen: /opt/chefdk/embedded/apps/test-kitchen/lib/kitchen/cli.rb:233:in `invoke_task'
E, [2014-11-30T01:19:53.921467 #87824] ERROR -- Kitchen: /opt/chefdk/embedded/lib/ruby/gems/2.1.0/gems/thor-0.19.1/lib/thor.rb:359:in `dispatch'
E, [2014-11-30T01:19:53.921486 #87824] ERROR -- Kitchen: /opt/chefdk/embedded/lib/ruby/gems/2.1.0/gems/thor-0.19.1/lib/thor/base.rb:440:in `start'
E, [2014-11-30T01:19:53.921504 #87824] ERROR -- Kitchen: /opt/chefdk/embedded/apps/test-kitchen/bin/kitchen:13:in `block in <top (required)>'
E, [2014-11-30T01:19:53.921535 #87824] ERROR -- Kitchen: /opt/chefdk/embedded/apps/test-kitchen/lib/kitchen/errors.rb:81:in `with_friendly_errors'
E, [2014-11-30T01:19:53.921554 #87824] ERROR -- Kitchen: /opt/chefdk/embedded/apps/test-kitchen/bin/kitchen:13:in `<top (required)>'
E, [2014-11-30T01:19:53.921581 #87824] ERROR -- Kitchen: /usr/bin/kitchen:10:in `load'
E, [2014-11-30T01:19:53.921600 #87824] ERROR -- Kitchen: /usr/bin/kitchen:10:in `<main>'
E, [2014-11-30T01:19:53.921619 #87824] ERROR -- Kitchen: ----------------------
E, [2014-11-30T01:20:05.883226 #87849] ERROR -- Kitchen: ------Exception-------
E, [2014-11-30T01:20:05.883257 #87849] ERROR -- Kitchen: Class: Kitchen::UserError
E, [2014-11-30T01:20:05.883279 #87849] ERROR -- Kitchen: Message: Could not load or activate Berkshelf (can't activate json-1.7.7, already activated json-1.8.1)
E, [2014-11-30T01:20:05.883309 #87849] ERROR -- Kitchen: ---Nested Exception---
E, [2014-11-30T01:20:05.883329 #87849] ERROR -- Kitchen: Class: Gem::LoadError
E, [2014-11-30T01:20:05.883357 #87849] ERROR -- Kitchen: Message: can't activate json-1.7.7, already activated json-1.8.1
E, [2014-11-30T01:20:05.883378 #87849] ERROR -- Kitchen: ------Backtrace-------
E, [2014-11-30T01:20:05.883397 #87849] ERROR -- Kitchen: /opt/chefdk/embedded/lib/ruby/gems/2.1.0/gems/test-kitchen-1.2.2.dev/lib/kitchen/provisioner/chef/berkshelf.rb:80:in `rescue in load_berkshelf!'
E, [2014-11-30T01:20:05.883417 #87849] ERROR -- Kitchen: /opt/chefdk/embedded/lib/ruby/gems/2.1.0/gems/test-kitchen-1.2.2.dev/lib/kitchen/provisioner/chef/berkshelf.rb:67:in `load_berkshelf!'
E, [2014-11-30T01:20:05.883437 #87849] ERROR -- Kitchen: /opt/chefdk/embedded/lib/ruby/gems/2.1.0/gems/test-kitchen-1.2.2.dev/lib/kitchen/provisioner/chef/berkshelf.rb:43:in `load!'
E, [2014-11-30T01:20:05.883456 #87849] ERROR -- Kitchen: /opt/chefdk/embedded/lib/ruby/gems/2.1.0/gems/test-kitchen-1.2.2.dev/lib/kitchen/provisioner/chef_base.rb:135:in `load_needed_dependencies!'
E, [2014-11-30T01:20:05.883476 #87849] ERROR -- Kitchen: /opt/chefdk/embedded/lib/ruby/gems/2.1.0/gems/test-kitchen-1.2.2.dev/lib/kitchen/provisioner/base.rb:44:in `instance='
E, [2014-11-30T01:20:05.883503 #87849] ERROR -- Kitchen: /opt/chefdk/embedded/lib/ruby/gems/2.1.0/gems/test-kitchen-1.2.2.dev/lib/kitchen/instance.rb:247:in `setup_provisioner'
E, [2014-11-30T01:20:05.883523 #87849] ERROR -- Kitchen: /opt/chefdk/embedded/lib/ruby/gems/2.1.0/gems/test-kitchen-1.2.2.dev/lib/kitchen/instance.rb:93:in `initialize'
E, [2014-11-30T01:20:05.883543 #87849] ERROR -- Kitchen: /opt/chefdk/embedded/lib/ruby/gems/2.1.0/gems/test-kitchen-1.2.2.dev/lib/kitchen/config.rb:128:in `new'
E, [2014-11-30T01:20:05.883562 #87849] ERROR -- Kitchen: /opt/chefdk/embedded/lib/ruby/gems/2.1.0/gems/test-kitchen-1.2.2.dev/lib/kitchen/config.rb:128:in `new_instance'
E, [2014-11-30T01:20:05.883589 #87849] ERROR -- Kitchen: /opt/chefdk/embedded/lib/ruby/gems/2.1.0/gems/test-kitchen-1.2.2.dev/lib/kitchen/config.rb:73:in `block in build_instances'
E, [2014-11-30T01:20:05.883609 #87849] ERROR -- Kitchen: /opt/chefdk/embedded/lib/ruby/gems/2.1.0/gems/test-kitchen-1.2.2.dev/lib/kitchen/config.rb:72:in `map'
E, [2014-11-30T01:20:05.883629 #87849] ERROR -- Kitchen: /opt/chefdk/embedded/lib/ruby/gems/2.1.0/gems/test-kitchen-1.2.2.dev/lib/kitchen/config.rb:72:in `with_index'
E, [2014-11-30T01:20:05.883655 #87849] ERROR -- Kitchen: /opt/chefdk/embedded/lib/ruby/gems/2.1.0/gems/test-kitchen-1.2.2.dev/lib/kitchen/config.rb:72:in `build_instances'
E, [2014-11-30T01:20:05.883704 #87849] ERROR -- Kitchen: /opt/chefdk/embedded/lib/ruby/gems/2.1.0/gems/test-kitchen-1.2.2.dev/lib/kitchen/config.rb:52:in `instances'
E, [2014-11-30T01:20:05.883727 #87849] ERROR -- Kitchen: /opt/chefdk/embedded/lib/ruby/gems/2.1.0/gems/test-kitchen-1.2.2.dev/lib/kitchen/command.rb:64:in `get_filtered_instances'
E, [2014-11-30T01:20:05.883747 #87849] ERROR -- Kitchen: /opt/chefdk/embedded/lib/ruby/gems/2.1.0/gems/test-kitchen-1.2.2.dev/lib/kitchen/command.rb:85:in `parse_subcommand'
E, [2014-11-30T01:20:05.883766 #87849] ERROR -- Kitchen: /opt/chefdk/embedded/lib/ruby/gems/2.1.0/gems/test-kitchen-1.2.2.dev/lib/kitchen/command/list.rb:31:in `call'
E, [2014-11-30T01:20:05.883786 #87849] ERROR -- Kitchen: /opt/chefdk/embedded/lib/ruby/gems/2.1.0/gems/test-kitchen-1.2.2.dev/lib/kitchen/cli.rb:47:in `perform'
E, [2014-11-30T01:20:05.883813 #87849] ERROR -- Kitchen: /opt/chefdk/embedded/lib/ruby/gems/2.1.0/gems/test-kitchen-1.2.2.dev/lib/kitchen/cli.rb:81:in `list'
E, [2014-11-30T01:20:05.883833 #87849] ERROR -- Kitchen: /opt/chefdk/embedded/lib/ruby/gems/2.1.0/gems/thor-0.19.1/lib/thor/command.rb:27:in `run'
E, [2014-11-30T01:20:05.883853 #87849] ERROR -- Kitchen: /opt/chefdk/embedded/lib/ruby/gems/2.1.0/gems/thor-0.19.1/lib/thor/invocation.rb:126:in `invoke_command'
E, [2014-11-30T01:20:05.883872 #87849] ERROR -- Kitchen: /opt/chefdk/embedded/lib/ruby/gems/2.1.0/gems/test-kitchen-1.2.2.dev/lib/kitchen/cli.rb:259:in `invoke_task'
E, [2014-11-30T01:20:05.883904 #87849] ERROR -- Kitchen: /opt/chefdk/embedded/lib/ruby/gems/2.1.0/gems/thor-0.19.1/lib/thor.rb:359:in `dispatch'
E, [2014-11-30T01:20:05.883924 #87849] ERROR -- Kitchen: /opt/chefdk/embedded/lib/ruby/gems/2.1.0/gems/thor-0.19.1/lib/thor/base.rb:440:in `start'
E, [2014-11-30T01:20:05.883944 #87849] ERROR -- Kitchen: /opt/chefdk/embedded/lib/ruby/gems/2.1.0/gems/test-kitchen-1.2.2.dev/bin/kitchen:13:in `block in <top (required)>'
E, [2014-11-30T01:20:05.883963 #87849] ERROR -- Kitchen: /opt/chefdk/embedded/lib/ruby/gems/2.1.0/gems/test-kitchen-1.2.2.dev/lib/kitchen/errors.rb:81:in `with_friendly_errors'
E, [2014-11-30T01:20:05.883983 #87849] ERROR -- Kitchen: /opt/chefdk/embedded/lib/ruby/gems/2.1.0/gems/test-kitchen-1.2.2.dev/bin/kitchen:13:in `<top (required)>'
E, [2014-11-30T01:20:05.884003 #87849] ERROR -- Kitchen: /opt/chefdk/embedded/bin/kitchen:23:in `load'
E, [2014-11-30T01:20:05.884021 #87849] ERROR -- Kitchen: /opt/chefdk/embedded/bin/kitchen:23:in `<main>'
E, [2014-11-30T01:20:05.884041 #87849] ERROR -- Kitchen: ----------------------
I, [2014-11-30T01:37:26.058220 #88341]  INFO -- Kitchen: -----> Starting Kitchen (v1.2.1)
E, [2014-11-30T01:37:26.473583 #88341] ERROR -- Kitchen: ------Exception-------
E, [2014-11-30T01:37:26.473622 #88341] ERROR -- Kitchen: Class: Kitchen::UserError
E, [2014-11-30T01:37:26.473644 #88341] ERROR -- Kitchen: Message: Could not load or activate Berkshelf (can't activate json-1.7.7, already activated json-1.8.1)
E, [2014-11-30T01:37:26.473664 #88341] ERROR -- Kitchen: ---Nested Exception---
E, [2014-11-30T01:37:26.473683 #88341] ERROR -- Kitchen: Class: Gem::LoadError
E, [2014-11-30T01:37:26.473702 #88341] ERROR -- Kitchen: Message: can't activate json-1.7.7, already activated json-1.8.1
E, [2014-11-30T01:37:26.473722 #88341] ERROR -- Kitchen: ------Backtrace-------
E, [2014-11-30T01:37:26.473741 #88341] ERROR -- Kitchen: /opt/chefdk/embedded/apps/test-kitchen/lib/kitchen/provisioner/chef/berkshelf.rb:80:in `rescue in load_berkshelf!'
E, [2014-11-30T01:37:26.473760 #88341] ERROR -- Kitchen: /opt/chefdk/embedded/apps/test-kitchen/lib/kitchen/provisioner/chef/berkshelf.rb:67:in `load_berkshelf!'
E, [2014-11-30T01:37:26.473780 #88341] ERROR -- Kitchen: /opt/chefdk/embedded/apps/test-kitchen/lib/kitchen/provisioner/chef/berkshelf.rb:43:in `load!'
E, [2014-11-30T01:37:26.473799 #88341] ERROR -- Kitchen: /opt/chefdk/embedded/apps/test-kitchen/lib/kitchen/provisioner/chef_base.rb:135:in `load_needed_dependencies!'
E, [2014-11-30T01:37:26.473838 #88341] ERROR -- Kitchen: /opt/chefdk/embedded/apps/test-kitchen/lib/kitchen/provisioner/base.rb:44:in `instance='
E, [2014-11-30T01:37:26.473860 #88341] ERROR -- Kitchen: /opt/chefdk/embedded/apps/test-kitchen/lib/kitchen/instance.rb:240:in `setup_provisioner'
E, [2014-11-30T01:37:26.473889 #88341] ERROR -- Kitchen: /opt/chefdk/embedded/apps/test-kitchen/lib/kitchen/instance.rb:93:in `initialize'
E, [2014-11-30T01:37:26.473909 #88341] ERROR -- Kitchen: /opt/chefdk/embedded/apps/test-kitchen/lib/kitchen/config.rb:128:in `new'
E, [2014-11-30T01:37:26.473928 #88341] ERROR -- Kitchen: /opt/chefdk/embedded/apps/test-kitchen/lib/kitchen/config.rb:128:in `new_instance'
E, [2014-11-30T01:37:26.473948 #88341] ERROR -- Kitchen: /opt/chefdk/embedded/apps/test-kitchen/lib/kitchen/config.rb:73:in `block in build_instances'
E, [2014-11-30T01:37:26.473967 #88341] ERROR -- Kitchen: /opt/chefdk/embedded/apps/test-kitchen/lib/kitchen/config.rb:72:in `map'
E, [2014-11-30T01:37:26.473986 #88341] ERROR -- Kitchen: /opt/chefdk/embedded/apps/test-kitchen/lib/kitchen/config.rb:72:in `with_index'
E, [2014-11-30T01:37:26.474006 #88341] ERROR -- Kitchen: /opt/chefdk/embedded/apps/test-kitchen/lib/kitchen/config.rb:72:in `build_instances'
E, [2014-11-30T01:37:26.474025 #88341] ERROR -- Kitchen: /opt/chefdk/embedded/apps/test-kitchen/lib/kitchen/config.rb:52:in `instances'
E, [2014-11-30T01:37:26.474045 #88341] ERROR -- Kitchen: /opt/chefdk/embedded/apps/test-kitchen/lib/kitchen/command.rb:64:in `get_filtered_instances'
E, [2014-11-30T01:37:26.474064 #88341] ERROR -- Kitchen: /opt/chefdk/embedded/apps/test-kitchen/lib/kitchen/command.rb:85:in `parse_subcommand'
E, [2014-11-30T01:37:26.474083 #88341] ERROR -- Kitchen: /opt/chefdk/embedded/apps/test-kitchen/lib/kitchen/command/action.rb:37:in `block in call'
E, [2014-11-30T01:37:26.474113 #88341] ERROR -- Kitchen: /opt/chefdk/embedded/lib/ruby/2.1.0/benchmark.rb:279:in `measure'
E, [2014-11-30T01:37:26.474133 #88341] ERROR -- Kitchen: /opt/chefdk/embedded/apps/test-kitchen/lib/kitchen/command/action.rb:36:in `call'
E, [2014-11-30T01:37:26.474153 #88341] ERROR -- Kitchen: /opt/chefdk/embedded/apps/test-kitchen/lib/kitchen/cli.rb:47:in `perform'
E, [2014-11-30T01:37:26.474172 #88341] ERROR -- Kitchen: /opt/chefdk/embedded/apps/test-kitchen/lib/kitchen/cli.rb:118:in `block (2 levels) in <class:CLI>'
E, [2014-11-30T01:37:26.474192 #88341] ERROR -- Kitchen: /opt/chefdk/embedded/lib/ruby/gems/2.1.0/gems/thor-0.19.1/lib/thor/command.rb:27:in `run'
E, [2014-11-30T01:37:26.474211 #88341] ERROR -- Kitchen: /opt/chefdk/embedded/lib/ruby/gems/2.1.0/gems/thor-0.19.1/lib/thor/invocation.rb:126:in `invoke_command'
E, [2014-11-30T01:37:26.474230 #88341] ERROR -- Kitchen: /opt/chefdk/embedded/apps/test-kitchen/lib/kitchen/cli.rb:233:in `invoke_task'
E, [2014-11-30T01:37:26.474250 #88341] ERROR -- Kitchen: /opt/chefdk/embedded/lib/ruby/gems/2.1.0/gems/thor-0.19.1/lib/thor.rb:359:in `dispatch'
E, [2014-11-30T01:37:26.474269 #88341] ERROR -- Kitchen: /opt/chefdk/embedded/lib/ruby/gems/2.1.0/gems/thor-0.19.1/lib/thor/base.rb:440:in `start'
E, [2014-11-30T01:37:26.474288 #88341] ERROR -- Kitchen: /opt/chefdk/embedded/apps/test-kitchen/bin/kitchen:13:in `block in <top (required)>'
E, [2014-11-30T01:37:26.474308 #88341] ERROR -- Kitchen: /opt/chefdk/embedded/apps/test-kitchen/lib/kitchen/errors.rb:81:in `with_friendly_errors'
E, [2014-11-30T01:37:26.474327 #88341] ERROR -- Kitchen: /opt/chefdk/embedded/apps/test-kitchen/bin/kitchen:13:in `<top (required)>'
E, [2014-11-30T01:37:26.474346 #88341] ERROR -- Kitchen: /usr/bin/kitchen:10:in `load'
E, [2014-11-30T01:37:26.474372 #88341] ERROR -- Kitchen: /usr/bin/kitchen:10:in `<main>'
E, [2014-11-30T01:37:26.474391 #88341] ERROR -- Kitchen: ----------------------
I, [2014-11-30T01:38:05.581444 #88388]  INFO -- Kitchen: -----> Starting Kitchen (v1.2.1)
E, [2014-11-30T01:38:05.998164 #88388] ERROR -- Kitchen: ------Exception-------
E, [2014-11-30T01:38:05.998196 #88388] ERROR -- Kitchen: Class: Kitchen::UserError
E, [2014-11-30T01:38:05.998218 #88388] ERROR -- Kitchen: Message: Could not load or activate Berkshelf (can't activate json-1.7.7, already activated json-1.8.1)
E, [2014-11-30T01:38:05.998277 #88388] ERROR -- Kitchen: ---Nested Exception---
E, [2014-11-30T01:38:05.998299 #88388] ERROR -- Kitchen: Class: Gem::LoadError
E, [2014-11-30T01:38:05.998319 #88388] ERROR -- Kitchen: Message: can't activate json-1.7.7, already activated json-1.8.1
E, [2014-11-30T01:38:05.998339 #88388] ERROR -- Kitchen: ------Backtrace-------
E, [2014-11-30T01:38:05.998358 #88388] ERROR -- Kitchen: /opt/chefdk/embedded/apps/test-kitchen/lib/kitchen/provisioner/chef/berkshelf.rb:80:in `rescue in load_berkshelf!'
E, [2014-11-30T01:38:05.998379 #88388] ERROR -- Kitchen: /opt/chefdk/embedded/apps/test-kitchen/lib/kitchen/provisioner/chef/berkshelf.rb:67:in `load_berkshelf!'
E, [2014-11-30T01:38:05.998399 #88388] ERROR -- Kitchen: /opt/chefdk/embedded/apps/test-kitchen/lib/kitchen/provisioner/chef/berkshelf.rb:43:in `load!'
E, [2014-11-30T01:38:05.998419 #88388] ERROR -- Kitchen: /opt/chefdk/embedded/apps/test-kitchen/lib/kitchen/provisioner/chef_base.rb:135:in `load_needed_dependencies!'
E, [2014-11-30T01:38:05.998443 #88388] ERROR -- Kitchen: /opt/chefdk/embedded/apps/test-kitchen/lib/kitchen/provisioner/base.rb:44:in `instance='
E, [2014-11-30T01:38:05.998464 #88388] ERROR -- Kitchen: /opt/chefdk/embedded/apps/test-kitchen/lib/kitchen/instance.rb:240:in `setup_provisioner'
E, [2014-11-30T01:38:05.998484 #88388] ERROR -- Kitchen: /opt/chefdk/embedded/apps/test-kitchen/lib/kitchen/instance.rb:93:in `initialize'
E, [2014-11-30T01:38:05.998519 #88388] ERROR -- Kitchen: /opt/chefdk/embedded/apps/test-kitchen/lib/kitchen/config.rb:128:in `new'
E, [2014-11-30T01:38:05.998541 #88388] ERROR -- Kitchen: /opt/chefdk/embedded/apps/test-kitchen/lib/kitchen/config.rb:128:in `new_instance'
E, [2014-11-30T01:38:05.998561 #88388] ERROR -- Kitchen: /opt/chefdk/embedded/apps/test-kitchen/lib/kitchen/config.rb:73:in `block in build_instances'
E, [2014-11-30T01:38:05.998586 #88388] ERROR -- Kitchen: /opt/chefdk/embedded/apps/test-kitchen/lib/kitchen/config.rb:72:in `map'
E, [2014-11-30T01:38:05.998607 #88388] ERROR -- Kitchen: /opt/chefdk/embedded/apps/test-kitchen/lib/kitchen/config.rb:72:in `with_index'
E, [2014-11-30T01:38:05.998631 #88388] ERROR -- Kitchen: /opt/chefdk/embedded/apps/test-kitchen/lib/kitchen/config.rb:72:in `build_instances'
E, [2014-11-30T01:38:05.998653 #88388] ERROR -- Kitchen: /opt/chefdk/embedded/apps/test-kitchen/lib/kitchen/config.rb:52:in `instances'
E, [2014-11-30T01:38:05.998673 #88388] ERROR -- Kitchen: /opt/chefdk/embedded/apps/test-kitchen/lib/kitchen/command.rb:64:in `get_filtered_instances'
E, [2014-11-30T01:38:05.998694 #88388] ERROR -- Kitchen: /opt/chefdk/embedded/apps/test-kitchen/lib/kitchen/command.rb:85:in `parse_subcommand'
E, [2014-11-30T01:38:05.998714 #88388] ERROR -- Kitchen: /opt/chefdk/embedded/apps/test-kitchen/lib/kitchen/command/action.rb:37:in `block in call'
E, [2014-11-30T01:38:05.998734 #88388] ERROR -- Kitchen: /opt/chefdk/embedded/lib/ruby/2.1.0/benchmark.rb:279:in `measure'
E, [2014-11-30T01:38:05.998754 #88388] ERROR -- Kitchen: /opt/chefdk/embedded/apps/test-kitchen/lib/kitchen/command/action.rb:36:in `call'
E, [2014-11-30T01:38:05.998784 #88388] ERROR -- Kitchen: /opt/chefdk/embedded/apps/test-kitchen/lib/kitchen/cli.rb:47:in `perform'
E, [2014-11-30T01:38:05.998805 #88388] ERROR -- Kitchen: /opt/chefdk/embedded/apps/test-kitchen/lib/kitchen/cli.rb:118:in `block (2 levels) in <class:CLI>'
E, [2014-11-30T01:38:05.998829 #88388] ERROR -- Kitchen: /opt/chefdk/embedded/lib/ruby/gems/2.1.0/gems/thor-0.19.1/lib/thor/command.rb:27:in `run'
E, [2014-11-30T01:38:05.998850 #88388] ERROR -- Kitchen: /opt/chefdk/embedded/lib/ruby/gems/2.1.0/gems/thor-0.19.1/lib/thor/invocation.rb:126:in `invoke_command'
E, [2014-11-30T01:38:05.998870 #88388] ERROR -- Kitchen: /opt/chefdk/embedded/apps/test-kitchen/lib/kitchen/cli.rb:233:in `invoke_task'
E, [2014-11-30T01:38:05.998890 #88388] ERROR -- Kitchen: /opt/chefdk/embedded/lib/ruby/gems/2.1.0/gems/thor-0.19.1/lib/thor.rb:359:in `dispatch'
E, [2014-11-30T01:38:05.998918 #88388] ERROR -- Kitchen: /opt/chefdk/embedded/lib/ruby/gems/2.1.0/gems/thor-0.19.1/lib/thor/base.rb:440:in `start'
E, [2014-11-30T01:38:05.998940 #88388] ERROR -- Kitchen: /opt/chefdk/embedded/apps/test-kitchen/bin/kitchen:13:in `block in <top (required)>'
E, [2014-11-30T01:38:05.998960 #88388] ERROR -- Kitchen: /opt/chefdk/embedded/apps/test-kitchen/lib/kitchen/errors.rb:81:in `with_friendly_errors'
E, [2014-11-30T01:38:05.998980 #88388] ERROR -- Kitchen: /opt/chefdk/embedded/apps/test-kitchen/bin/kitchen:13:in `<top (required)>'
E, [2014-11-30T01:38:05.999003 #88388] ERROR -- Kitchen: /usr/bin/kitchen:10:in `load'
E, [2014-11-30T01:38:05.999024 #88388] ERROR -- Kitchen: /usr/bin/kitchen:10:in `<main>'
E, [2014-11-30T01:38:05.999056 #88388] ERROR -- Kitchen: ----------------------
I, [2014-11-30T01:40:27.741094 #88579]  INFO -- Kitchen: -----> Starting Kitchen (v1.2.2.dev)
E, [2014-11-30T01:40:28.208573 #88579] ERROR -- Kitchen: ------Exception-------
E, [2014-11-30T01:40:28.208604 #88579] ERROR -- Kitchen: Class: Kitchen::UserError
E, [2014-11-30T01:40:28.208666 #88579] ERROR -- Kitchen: Message: Could not load or activate Berkshelf (can't activate json-1.7.7, already activated json-1.8.1)
E, [2014-11-30T01:40:28.208688 #88579] ERROR -- Kitchen: ---Nested Exception---
E, [2014-11-30T01:40:28.208708 #88579] ERROR -- Kitchen: Class: Gem::LoadError
E, [2014-11-30T01:40:28.208799 #88579] ERROR -- Kitchen: Message: can't activate json-1.7.7, already activated json-1.8.1
E, [2014-11-30T01:40:28.208821 #88579] ERROR -- Kitchen: ------Backtrace-------
E, [2014-11-30T01:40:28.208840 #88579] ERROR -- Kitchen: /opt/chefdk/embedded/lib/ruby/gems/2.1.0/gems/test-kitchen-1.2.2.dev/lib/kitchen/provisioner/chef/berkshelf.rb:80:in `rescue in load_berkshelf!'
E, [2014-11-30T01:40:28.208860 #88579] ERROR -- Kitchen: /opt/chefdk/embedded/lib/ruby/gems/2.1.0/gems/test-kitchen-1.2.2.dev/lib/kitchen/provisioner/chef/berkshelf.rb:67:in `load_berkshelf!'
E, [2014-11-30T01:40:28.208880 #88579] ERROR -- Kitchen: /opt/chefdk/embedded/lib/ruby/gems/2.1.0/gems/test-kitchen-1.2.2.dev/lib/kitchen/provisioner/chef/berkshelf.rb:43:in `load!'
E, [2014-11-30T01:40:28.208933 #88579] ERROR -- Kitchen: /opt/chefdk/embedded/lib/ruby/gems/2.1.0/gems/test-kitchen-1.2.2.dev/lib/kitchen/provisioner/chef_base.rb:135:in `load_needed_dependencies!'
E, [2014-11-30T01:40:28.208955 #88579] ERROR -- Kitchen: /opt/chefdk/embedded/lib/ruby/gems/2.1.0/gems/test-kitchen-1.2.2.dev/lib/kitchen/provisioner/base.rb:44:in `instance='
E, [2014-11-30T01:40:28.208976 #88579] ERROR -- Kitchen: /opt/chefdk/embedded/lib/ruby/gems/2.1.0/gems/test-kitchen-1.2.2.dev/lib/kitchen/instance.rb:247:in `setup_provisioner'
E, [2014-11-30T01:40:28.208999 #88579] ERROR -- Kitchen: /opt/chefdk/embedded/lib/ruby/gems/2.1.0/gems/test-kitchen-1.2.2.dev/lib/kitchen/instance.rb:93:in `initialize'
E, [2014-11-30T01:40:28.209019 #88579] ERROR -- Kitchen: /opt/chefdk/embedded/lib/ruby/gems/2.1.0/gems/test-kitchen-1.2.2.dev/lib/kitchen/config.rb:128:in `new'
E, [2014-11-30T01:40:28.209050 #88579] ERROR -- Kitchen: /opt/chefdk/embedded/lib/ruby/gems/2.1.0/gems/test-kitchen-1.2.2.dev/lib/kitchen/config.rb:128:in `new_instance'
E, [2014-11-30T01:40:28.209071 #88579] ERROR -- Kitchen: /opt/chefdk/embedded/lib/ruby/gems/2.1.0/gems/test-kitchen-1.2.2.dev/lib/kitchen/config.rb:73:in `block in build_instances'
E, [2014-11-30T01:40:28.209090 #88579] ERROR -- Kitchen: /opt/chefdk/embedded/lib/ruby/gems/2.1.0/gems/test-kitchen-1.2.2.dev/lib/kitchen/config.rb:72:in `map'
E, [2014-11-30T01:40:28.209110 #88579] ERROR -- Kitchen: /opt/chefdk/embedded/lib/ruby/gems/2.1.0/gems/test-kitchen-1.2.2.dev/lib/kitchen/config.rb:72:in `with_index'
E, [2014-11-30T01:40:28.209130 #88579] ERROR -- Kitchen: /opt/chefdk/embedded/lib/ruby/gems/2.1.0/gems/test-kitchen-1.2.2.dev/lib/kitchen/config.rb:72:in `build_instances'
E, [2014-11-30T01:40:28.209157 #88579] ERROR -- Kitchen: /opt/chefdk/embedded/lib/ruby/gems/2.1.0/gems/test-kitchen-1.2.2.dev/lib/kitchen/config.rb:52:in `instances'
E, [2014-11-30T01:40:28.209198 #88579] ERROR -- Kitchen: /opt/chefdk/embedded/lib/ruby/gems/2.1.0/gems/test-kitchen-1.2.2.dev/lib/kitchen/command.rb:64:in `get_filtered_instances'
E, [2014-11-30T01:40:28.209220 #88579] ERROR -- Kitchen: /opt/chefdk/embedded/lib/ruby/gems/2.1.0/gems/test-kitchen-1.2.2.dev/lib/kitchen/command.rb:85:in `parse_subcommand'
E, [2014-11-30T01:40:28.209240 #88579] ERROR -- Kitchen: /opt/chefdk/embedded/lib/ruby/gems/2.1.0/gems/test-kitchen-1.2.2.dev/lib/kitchen/command/action.rb:37:in `block in call'
E, [2014-11-30T01:40:28.209260 #88579] ERROR -- Kitchen: /opt/chefdk/embedded/lib/ruby/2.1.0/benchmark.rb:279:in `measure'
E, [2014-11-30T01:40:28.209283 #88579] ERROR -- Kitchen: /opt/chefdk/embedded/lib/ruby/gems/2.1.0/gems/test-kitchen-1.2.2.dev/lib/kitchen/command/action.rb:36:in `call'
E, [2014-11-30T01:40:28.209303 #88579] ERROR -- Kitchen: /opt/chefdk/embedded/lib/ruby/gems/2.1.0/gems/test-kitchen-1.2.2.dev/lib/kitchen/cli.rb:47:in `perform'
E, [2014-11-30T01:40:28.209323 #88579] ERROR -- Kitchen: /opt/chefdk/embedded/lib/ruby/gems/2.1.0/gems/test-kitchen-1.2.2.dev/lib/kitchen/cli.rb:130:in `block (2 levels) in <class:CLI>'
E, [2014-11-30T01:40:28.209348 #88579] ERROR -- Kitchen: /opt/chefdk/embedded/lib/ruby/gems/2.1.0/gems/thor-0.19.1/lib/thor/command.rb:27:in `run'
E, [2014-11-30T01:40:28.209368 #88579] ERROR -- Kitchen: /opt/chefdk/embedded/lib/ruby/gems/2.1.0/gems/thor-0.19.1/lib/thor/invocation.rb:126:in `invoke_command'
E, [2014-11-30T01:40:28.209388 #88579] ERROR -- Kitchen: /opt/chefdk/embedded/lib/ruby/gems/2.1.0/gems/test-kitchen-1.2.2.dev/lib/kitchen/cli.rb:259:in `invoke_task'
E, [2014-11-30T01:40:28.209507 #88579] ERROR -- Kitchen: /opt/chefdk/embedded/lib/ruby/gems/2.1.0/gems/thor-0.19.1/lib/thor.rb:359:in `dispatch'
E, [2014-11-30T01:40:28.209528 #88579] ERROR -- Kitchen: /opt/chefdk/embedded/lib/ruby/gems/2.1.0/gems/thor-0.19.1/lib/thor/base.rb:440:in `start'
E, [2014-11-30T01:40:28.209548 #88579] ERROR -- Kitchen: /opt/chefdk/embedded/lib/ruby/gems/2.1.0/gems/test-kitchen-1.2.2.dev/bin/kitchen:13:in `block in <top (required)>'
E, [2014-11-30T01:40:28.209568 #88579] ERROR -- Kitchen: /opt/chefdk/embedded/lib/ruby/gems/2.1.0/gems/test-kitchen-1.2.2.dev/lib/kitchen/errors.rb:81:in `with_friendly_errors'
E, [2014-11-30T01:40:28.209588 #88579] ERROR -- Kitchen: /opt/chefdk/embedded/lib/ruby/gems/2.1.0/gems/test-kitchen-1.2.2.dev/bin/kitchen:13:in `<top (required)>'
E, [2014-11-30T01:40:28.209608 #88579] ERROR -- Kitchen: /opt/chefdk/embedded/bin/kitchen:23:in `load'
E, [2014-11-30T01:40:28.209630 #88579] ERROR -- Kitchen: /opt/chefdk/embedded/bin/kitchen:23:in `<main>'
E, [2014-11-30T01:40:28.209659 #88579] ERROR -- Kitchen: ----------------------
I, [2014-11-30T01:57:37.671396 #4460]  INFO -- Kitchen: -----> Starting Kitchen (v1.2.1)
I, [2014-11-30T01:57:40.991090 #4460]  INFO -- Kitchen: -----> Converging <default-ubuntu-1404>...
E, [2014-11-30T01:57:55.742304 #4460] ERROR -- Kitchen: Converge failed on instance <default-ubuntu-1404>.
I, [2014-11-30T01:58:25.187169 #4503]  INFO -- Kitchen: -----> Starting Kitchen (v1.2.1)
I, [2014-11-30T01:58:25.791112 #4503]  INFO -- Kitchen: -----> Converging <default-ubuntu-1404>...
E, [2014-11-30T01:58:35.044772 #4503] ERROR -- Kitchen: Converge failed on instance <default-ubuntu-1404>.
I, [2014-11-30T02:01:48.413827 #4545]  INFO -- Kitchen: -----> Starting Kitchen (v1.2.1)
I, [2014-11-30T02:01:49.157172 #4545]  INFO -- Kitchen: -----> Converging <default-ubuntu-1404>...
E, [2014-11-30T02:03:23.458140 #4545] ERROR -- Kitchen: Converge failed on instance <default-ubuntu-1404>.
I, [2014-11-30T02:04:55.340176 #4585]  INFO -- Kitchen: -----> Starting Kitchen (v1.2.1)
I, [2014-11-30T02:04:55.934728 #4585]  INFO -- Kitchen: -----> Converging <default-ubuntu-1404>...
E, [2014-11-30T02:05:04.014952 #4585] ERROR -- Kitchen: Converge failed on instance <default-ubuntu-1404>.
I, [2014-11-30T02:05:41.044935 #4612]  INFO -- Kitchen: -----> Starting Kitchen (v1.2.1)
I, [2014-11-30T02:05:41.633336 #4612]  INFO -- Kitchen: -----> Converging <default-ubuntu-1404>...
E, [2014-11-30T02:06:14.090275 #4612] ERROR -- Kitchen: Converge failed on instance <default-ubuntu-1404>.
I, [2014-11-30T02:06:48.075853 #4642]  INFO -- Kitchen: -----> Starting Kitchen (v1.2.1)
I, [2014-11-30T02:06:48.688054 #4642]  INFO -- Kitchen: -----> Converging <default-ubuntu-1404>...
I, [2014-11-30T02:12:45.393363 #4642]  INFO -- Kitchen: -----> Kitchen is finished. (5m57.32s)
I, [2014-11-30T02:17:11.031074 #4721]  INFO -- Kitchen: -----> Starting Kitchen (v1.2.1)
I, [2014-11-30T02:17:11.656162 #4721]  INFO -- Kitchen: -----> Converging <default-ubuntu-1404>...
I, [2014-11-30T02:22:05.595961 #4792]  INFO -- Kitchen: -----> Starting Kitchen (v1.2.1)
I, [2014-11-30T02:22:06.193445 #4792]  INFO -- Kitchen: -----> Destroying <default-ubuntu-1404>...
I, [2014-11-30T02:22:12.067201 #4792]  INFO -- Kitchen: -----> Kitchen is finished. (0m6.47s)
I, [2014-11-30T02:22:45.773957 #4846]  INFO -- Kitchen: -----> Starting Kitchen (v1.2.1)
I, [2014-11-30T02:22:46.373822 #4846]  INFO -- Kitchen: -----> Destroying <default-ubuntu-1404>...
I, [2014-11-30T02:22:46.375943 #4846]  INFO -- Kitchen: -----> Kitchen is finished. (0m0.60s)
I, [2014-11-30T02:22:50.592167 #4869]  INFO -- Kitchen: -----> Starting Kitchen (v1.2.1)
I, [2014-11-30T02:22:51.169327 #4869]  INFO -- Kitchen: -----> Destroying <default-ubuntu-1404>...
I, [2014-11-30T02:22:51.171553 #4869]  INFO -- Kitchen: -----> Kitchen is finished. (0m0.58s)
I, [2014-11-30T02:22:55.750769 #4892]  INFO -- Kitchen: -----> Starting Kitchen (v1.2.1)
I, [2014-11-30T02:22:56.346085 #4892]  INFO -- Kitchen: -----> Creating <default-ubuntu-1404>...
I, [2014-11-30T02:23:55.362295 #4892]  INFO -- Kitchen: -----> Converging <default-ubuntu-1404>...
E, [2014-11-30T02:26:52.337631 #4892] ERROR -- Kitchen: Converge failed on instance <default-ubuntu-1404>.
I, [2014-11-30T02:27:10.059871 #5029]  INFO -- Kitchen: -----> Starting Kitchen (v1.2.1)
I, [2014-11-30T02:27:10.668373 #5029]  INFO -- Kitchen: -----> Converging <default-ubuntu-1404>...
E, [2014-11-30T02:27:30.530625 #5029] ERROR -- Kitchen: Converge failed on instance <default-ubuntu-1404>.
I, [2014-11-30T02:28:22.509549 #5078]  INFO -- Kitchen: -----> Starting Kitchen (v1.2.1)
I, [2014-11-30T02:28:23.095686 #5078]  INFO -- Kitchen: -----> Converging <default-ubuntu-1404>...
E, [2014-11-30T02:35:47.923942 #5078] ERROR -- Kitchen: Converge failed on instance <default-ubuntu-1404>.
I, [2014-11-30T02:38:28.344529 #5124]  INFO -- Kitchen: -----> Starting Kitchen (v1.2.1)
I, [2014-11-30T02:38:29.731194 #5124]  INFO -- Kitchen: -----> Destroying <default-ubuntu-1404>...
I, [2014-11-30T02:38:34.042845 #5124]  INFO -- Kitchen: -----> Kitchen is finished. (0m5.70s)
I, [2014-11-30T02:39:16.062855 #5180]  INFO -- Kitchen: -----> Starting Kitchen (v1.2.1)
I, [2014-11-30T02:39:16.704775 #5180]  INFO -- Kitchen: -----> Creating <default-ubuntu-1404>...
I, [2014-11-30T02:40:10.154707 #5180]  INFO -- Kitchen: -----> Converging <default-ubuntu-1404>...
E, [2014-11-30T02:42:29.920818 #5180] ERROR -- Kitchen: Converge failed on instance <default-ubuntu-1404>.
I, [2014-11-30T02:43:12.918167 #5339]  INFO -- Kitchen: -----> Starting Kitchen (v1.2.1)
I, [2014-11-30T02:43:13.528723 #5339]  INFO -- Kitchen: -----> Converging <default-ubuntu-1404>...
E, [2014-11-30T02:43:33.562298 #5339] ERROR -- Kitchen: Converge failed on instance <default-ubuntu-1404>.
I, [2014-11-30T02:44:23.023274 #5388]  INFO -- Kitchen: -----> Starting Kitchen (v1.2.1)
I, [2014-11-30T02:44:23.614074 #5388]  INFO -- Kitchen: -----> Converging <default-ubuntu-1404>...
E, [2014-11-30T02:51:32.587363 #5388] ERROR -- Kitchen: Converge failed on instance <default-ubuntu-1404>.
I, [2014-11-30T15:25:16.680159 #6690]  INFO -- Kitchen: -----> Starting Kitchen (v1.2.1)
I, [2014-11-30T15:25:18.359440 #6690]  INFO -- Kitchen: -----> Converging <default-ubuntu-1404>...
E, [2014-11-30T15:26:08.952463 #6690] ERROR -- Kitchen: Converge failed on instance <default-ubuntu-1404>.
I, [2014-11-30T16:04:58.536996 #6981]  INFO -- Kitchen: -----> Starting Kitchen (v1.2.1)
I, [2014-11-30T16:04:59.214161 #6981]  INFO -- Kitchen: -----> Destroying <default-ubuntu-1404>...
I, [2014-11-30T16:05:04.048834 #6981]  INFO -- Kitchen: -----> Kitchen is finished. (0m5.51s)
I, [2014-11-30T16:05:10.163513 #7035]  INFO -- Kitchen: -----> Starting Kitchen (v1.2.1)
I, [2014-11-30T16:05:10.742016 #7035]  INFO -- Kitchen: -----> Creating <default-ubuntu-1404>...
I, [2014-11-30T16:06:04.799033 #7035]  INFO -- Kitchen: -----> Converging <default-ubuntu-1404>...
E, [2014-11-30T16:11:23.090570 #7035] ERROR -- Kitchen: Converge failed on instance <default-ubuntu-1404>.
I, [2014-11-30T16:13:54.830243 #7195]  INFO -- Kitchen: -----> Starting Kitchen (v1.2.1)
I, [2014-11-30T16:13:55.422548 #7195]  INFO -- Kitchen: -----> Destroying <default-ubuntu-1404>...
I, [2014-11-30T16:13:59.006039 #7195]  INFO -- Kitchen: -----> Kitchen is finished. (0m4.18s)
I, [2014-11-30T16:14:01.918231 #7248]  INFO -- Kitchen: -----> Starting Kitchen (v1.2.1)
I, [2014-11-30T16:14:02.516119 #7248]  INFO -- Kitchen: -----> Creating <default-ubuntu-1404>...
I, [2014-11-30T16:14:55.250004 #7248]  INFO -- Kitchen: -----> Converging <default-ubuntu-1404>...
E, [2014-11-30T16:17:38.207803 #7248] ERROR -- Kitchen: Converge failed on instance <default-ubuntu-1404>.
I, [2014-11-30T16:18:03.537758 #7378]  INFO -- Kitchen: -----> Starting Kitchen (v1.2.1)
I, [2014-11-30T16:18:04.145411 #7378]  INFO -- Kitchen: -----> Converging <default-ubuntu-1404>...
E, [2014-11-30T16:25:47.331022 #7378] ERROR -- Kitchen: Converge failed on instance <default-ubuntu-1404>.
I, [2014-11-30T16:32:16.796336 #7482]  INFO -- Kitchen: -----> Starting Kitchen (v1.2.1)
I, [2014-11-30T16:32:17.378025 #7482]  INFO -- Kitchen: -----> Converging <default-ubuntu-1404>...
I, [2014-11-30T17:05:40.138775 #9243]  INFO -- Kitchen: -----> Starting Kitchen (v1.2.1)
I, [2014-11-30T17:05:44.126204 #9243]  INFO -- Kitchen: -----> Converging <default-ubuntu-1404>...
E, [2014-11-30T17:06:03.634433 #9243] ERROR -- Kitchen: Converge failed on instance <default-ubuntu-1404>.
I, [2014-11-30T17:08:40.689839 #10141]  INFO -- Kitchen: -----> Starting Kitchen (v1.2.1)
I, [2014-11-30T17:08:41.673702 #10141]  INFO -- Kitchen: -----> Converging <default-ubuntu-1404>...
I, [2014-11-30T17:11:11.032995 #10141]  INFO -- Kitchen: -----> Kitchen is finished. (2m30.34s)
